This is XeTeX, Version 3.1415926-2.5-0.9999.3 (TeX Live 2013) (format=xelatex 2013.9.13)  16 APR 2014 14:39
entering extended mode
 restricted \write18 enabled.
 %&-line parsing enabled.
**/Users/casillas/Desktop/cv/template.tex
(/Users/casillas/Desktop/cv/template.tex
LaTeX2e <2011/06/27>
Babel <3.9f> and hyphenation patterns for 78 languages loaded.
(./moderncv.cls
Document Class: moderncv 2011/12/04 v0.14 modern curriculum vitae document clas
s
(/usr/local/texlive/2013/texmf-dist/tex/latex/base/size11.clo
File: size11.clo 2007/10/19 v1.4h Standard LaTeX file (size option)
) (/usr/local/texlive/2013/texmf-dist/tex/latex/etoolbox/etoolbox.sty
Package: etoolbox 2011/01/03 v2.1 e-TeX tools for LaTeX
(/usr/local/texlive/2013/texmf-dist/tex/latex/etex-pkg/etex.sty
Package: etex 1998/03/26 v2.0 eTeX basic definition package (PEB)
\et@xins=\count80
)
\etb@tempcnta=\count81
) (/usr/local/texlive/2013/texmf-dist/tex/latex/base/ifthen.sty
Package: ifthen 2001/05/26 v1.1c Standard LaTeX ifthen package (DPC)
) (/usr/local/texlive/2013/texmf-dist/tex/latex/graphics/color.sty
Package: color 2005/11/14 v1.0j Standard LaTeX Color (DPC)
(/usr/local/texlive/2013/texmf-dist/tex/latex/latexconfig/color.cfg
File: color.cfg 2007/01/18 v1.5 color configuration of teTeX/TeXLive
)
Package color Info: Driver file: xetex.def on input line 130.
(/usr/local/texlive/2013/texmf-dist/tex/xelatex/xetex-def/xetex.def
File: xetex.def 2013/04/29 v0.96 LaTeX color/graphics driver for XeTeX (RRM/JK)

)) (/usr/local/texlive/2013/texmf-dist/tex/latex/base/fontenc.sty
Package: fontenc 2005/09/27 v1.99g Standard LaTeX package
(/usr/local/texlive/2013/texmf-dist/tex/latex/base/t1enc.def
File: t1enc.def 2005/09/27 v1.99g Standard LaTeX file
LaTeX Font Info:    Redeclaring font encoding T1 on input line 43.
)) (/usr/local/texlive/2013/texmf-dist/tex/latex/lm/lmodern.sty
Package: lmodern 2009/10/30 v1.6 Latin Modern Fonts
LaTeX Font Info:    Overwriting symbol font `operators' in version `normal'
(Font)                  OT1/cmr/m/n --> OT1/lmr/m/n on input line 22.
LaTeX Font Info:    Overwriting symbol font `letters' in version `normal'
(Font)                  OML/cmm/m/it --> OML/lmm/m/it on input line 23.
LaTeX Font Info:    Overwriting symbol font `symbols' in version `normal'
(Font)                  OMS/cmsy/m/n --> OMS/lmsy/m/n on input line 24.
LaTeX Font Info:    Overwriting symbol font `largesymbols' in version `normal'
(Font)                  OMX/cmex/m/n --> OMX/lmex/m/n on input line 25.
LaTeX Font Info:    Overwriting symbol font `operators' in version `bold'
(Font)                  OT1/cmr/bx/n --> OT1/lmr/bx/n on input line 26.
LaTeX Font Info:    Overwriting symbol font `letters' in version `bold'
(Font)                  OML/cmm/b/it --> OML/lmm/b/it on input line 27.
LaTeX Font Info:    Overwriting symbol font `symbols' in version `bold'
(Font)                  OMS/cmsy/b/n --> OMS/lmsy/b/n on input line 28.
LaTeX Font Info:    Overwriting symbol font `largesymbols' in version `bold'
(Font)                  OMX/cmex/m/n --> OMX/lmex/m/n on input line 29.
LaTeX Font Info:    Overwriting math alphabet `\mathbf' in version `normal'
(Font)                  OT1/cmr/bx/n --> OT1/lmr/bx/n on input line 31.
LaTeX Font Info:    Overwriting math alphabet `\mathsf' in version `normal'
(Font)                  OT1/cmss/m/n --> OT1/lmss/m/n on input line 32.
LaTeX Font Info:    Overwriting math alphabet `\mathit' in version `normal'
(Font)                  OT1/cmr/m/it --> OT1/lmr/m/it on input line 33.
LaTeX Font Info:    Overwriting math alphabet `\mathtt' in version `normal'
(Font)                  OT1/cmtt/m/n --> OT1/lmtt/m/n on input line 34.
LaTeX Font Info:    Overwriting math alphabet `\mathbf' in version `bold'
(Font)                  OT1/cmr/bx/n --> OT1/lmr/bx/n on input line 35.
LaTeX Font Info:    Overwriting math alphabet `\mathsf' in version `bold'
(Font)                  OT1/cmss/bx/n --> OT1/lmss/bx/n on input line 36.
LaTeX Font Info:    Overwriting math alphabet `\mathit' in version `bold'
(Font)                  OT1/cmr/bx/it --> OT1/lmr/bx/it on input line 37.
LaTeX Font Info:    Overwriting math alphabet `\mathtt' in version `bold'
(Font)                  OT1/cmtt/m/n --> OT1/lmtt/m/n on input line 38.
) (/usr/local/texlive/2013/texmf-dist/tex/latex/marvosym/marvosym.sty
Package: marvosym 2011/07/20 v2.2 Martin Vogel's Symbols font definitions
) (/usr/local/texlive/2013/texmf-dist/tex/latex/url/url.sty
\Urlmuskip=\muskip10
Package: url 2006/04/12  ver 3.3  Verb mode for urls, etc.
) (/usr/local/texlive/2013/texmf-dist/tex/latex/graphics/graphicx.sty
Package: graphicx 1999/02/16 v1.0f Enhanced LaTeX Graphics (DPC,SPQR)
(/usr/local/texlive/2013/texmf-dist/tex/latex/graphics/keyval.sty
Package: keyval 1999/03/16 v1.13 key=value parser (DPC)
\KV@toks@=\toks14
) (/usr/local/texlive/2013/texmf-dist/tex/latex/graphics/graphics.sty
Package: graphics 2009/02/05 v1.0o Standard LaTeX Graphics (DPC,SPQR)
(/usr/local/texlive/2013/texmf-dist/tex/latex/graphics/trig.sty
Package: trig 1999/03/16 v1.09 sin cos tan (DPC)
) (/usr/local/texlive/2013/texmf-dist/tex/latex/latexconfig/graphics.cfg
File: graphics.cfg 2010/04/23 v1.9 graphics configuration of TeX Live
)
Package graphics Info: Driver file: xetex.def on input line 91.
)
\Gin@req@height=\dimen102
\Gin@req@width=\dimen103
) (/usr/local/texlive/2013/texmf-dist/tex/latex/fancyhdr/fancyhdr.sty
\fancy@headwidth=\skip41
\f@ncyO@elh=\skip42
\f@ncyO@erh=\skip43
\f@ncyO@olh=\skip44
\f@ncyO@orh=\skip45
\f@ncyO@elf=\skip46
\f@ncyO@erf=\skip47
\f@ncyO@olf=\skip48
\f@ncyO@orf=\skip49
) (/usr/local/texlive/2013/texmf-dist/tex/latex/xargs/xargs.sty
Package: xargs 2008/03/22 v1.1  extended macro definitions  (mpg)
(/usr/local/texlive/2013/texmf-dist/tex/latex/xkeyval/xkeyval.sty
Package: xkeyval 2012/10/14 v2.6b package option processing (HA)
(/usr/local/texlive/2013/texmf-dist/tex/generic/xkeyval/xkeyval.tex
\XKV@toks=\toks15
\XKV@tempa@toks=\toks16
\XKV@depth=\count82
File: xkeyval.tex 2012/10/14 v2.6b key=value parser (HA)
))
\xargs@max=\count83
\xargs@toksa=\toks17
\xargs@toksb=\toks18
) (./moderncvcompatibility.sty
Package: moderncvcompatibility 2011/12/04 v0.14 modern curriculum vitae compati
bility patches
)
\quotewidth=\skip50
\hintscolumnwidth=\skip51
\separatorcolumnwidth=\skip52
\maincolumnwidth=\skip53
\doubleitemmaincolumnwidth=\skip54
\listitemsymbolwidth=\skip55
LaTeX Font Info:    Try loading font information for U+mvs on input line 262.
(/usr/local/texlive/2013/texmf-dist/tex/latex/marvosym/umvs.fd)
\listitemmaincolumnwidth=\skip56
\listdoubleitemmaincolumnwidth=\skip57
\bibindent=\skip58
(/usr/local/texlive/2013/texmf-dist/tex/latex/moderncv/tweaklist.sty)) (./moder
ncvthemeclassic.sty
Package: moderncvthemeclassic 2011/12/04 v0.14 modern curriculum vitae style: c
lassic
Package color Info: Redefining color firstnamecolor on input line 67.
Package color Info: Redefining color familynamecolor on input line 68.
Package color Info: Redefining color titlecolor on input line 69.
Package color Info: Redefining color quotecolor on input line 70.
Package color Info: Redefining color addresscolor on input line 72.
Package color Info: Redefining color sectionrectanglecolor on input line 73.
Package color Info: Redefining color sectiontitlecolor on input line 74.
Package color Info: Redefining color subsectioncolor on input line 75.
Package color Info: Redefining color addresscolor on input line 97.
Package color Info: Redefining color sectionrectanglecolor on input line 98.
Package color Info: Redefining color sectiontitlecolor on input line 99.
Package color Info: Redefining color subsectioncolor on input line 100.
\maketitlenamemaxwidth=\skip59
\maketitlenamewidth=\skip60
\maketitlepicturewidth=\skip61
\maketitledetailswidth=\skip62
) (/usr/local/texlive/2013/texmf-dist/tex/latex/base/inputenc.sty
Package: inputenc 2008/03/30 v1.1d Input encoding file
\inpenc@prehook=\toks19
\inpenc@posthook=\toks20
(/usr/local/texlive/2013/texmf-dist/tex/latex/base/utf8.def
File: utf8.def 2008/04/05 v1.1m UTF-8 support for inputenc
Now handling font encoding OML ...
... no UTF-8 mapping file for font encoding OML
Now handling font encoding T1 ...
... processing UTF-8 mapping file for font encoding T1
(/usr/local/texlive/2013/texmf-dist/tex/latex/base/t1enc.dfu
File: t1enc.dfu 2008/04/05 v1.1m UTF-8 support for inputenc
   defining Unicode char U+00A1 (decimal 161)
   defining Unicode char U+00A3 (decimal 163)
   defining Unicode char U+00AB (decimal 171)
   defining Unicode char U+00BB (decimal 187)
   defining Unicode char U+00BF (decimal 191)
   defining Unicode char U+00C0 (decimal 192)
   defining Unicode char U+00C1 (decimal 193)
   defining Unicode char U+00C2 (decimal 194)
   defining Unicode char U+00C3 (decimal 195)
   defining Unicode char U+00C4 (decimal 196)
   defining Unicode char U+00C5 (decimal 197)
   defining Unicode char U+00C6 (decimal 198)
   defining Unicode char U+00C7 (decimal 199)
   defining Unicode char U+00C8 (decimal 200)
   defining Unicode char U+00C9 (decimal 201)
   defining Unicode char U+00CA (decimal 202)
   defining Unicode char U+00CB (decimal 203)
   defining Unicode char U+00CC (decimal 204)
   defining Unicode char U+00CD (decimal 205)
   defining Unicode char U+00CE (decimal 206)
   defining Unicode char U+00CF (decimal 207)
   defining Unicode char U+00D0 (decimal 208)
   defining Unicode char U+00D1 (decimal 209)
   defining Unicode char U+00D2 (decimal 210)
   defining Unicode char U+00D3 (decimal 211)
   defining Unicode char U+00D4 (decimal 212)
   defining Unicode char U+00D5 (decimal 213)
   defining Unicode char U+00D6 (decimal 214)
   defining Unicode char U+00D8 (decimal 216)
   defining Unicode char U+00D9 (decimal 217)
   defining Unicode char U+00DA (decimal 218)
   defining Unicode char U+00DB (decimal 219)
   defining Unicode char U+00DC (decimal 220)
   defining Unicode char U+00DD (decimal 221)
   defining Unicode char U+00DE (decimal 222)
   defining Unicode char U+00DF (decimal 223)
   defining Unicode char U+00E0 (decimal 224)
   defining Unicode char U+00E1 (decimal 225)
   defining Unicode char U+00E2 (decimal 226)
   defining Unicode char U+00E3 (decimal 227)
   defining Unicode char U+00E4 (decimal 228)
   defining Unicode char U+00E5 (decimal 229)
   defining Unicode char U+00E6 (decimal 230)
   defining Unicode char U+00E7 (decimal 231)
   defining Unicode char U+00E8 (decimal 232)
   defining Unicode char U+00E9 (decimal 233)
   defining Unicode char U+00EA (decimal 234)
   defining Unicode char U+00EB (decimal 235)
   defining Unicode char U+00EC (decimal 236)
   defining Unicode char U+00ED (decimal 237)
   defining Unicode char U+00EE (decimal 238)
   defining Unicode char U+00EF (decimal 239)
   defining Unicode char U+00F0 (decimal 240)
   defining Unicode char U+00F1 (decimal 241)
   defining Unicode char U+00F2 (decimal 242)
   defining Unicode char U+00F3 (decimal 243)
   defining Unicode char U+00F4 (decimal 244)
   defining Unicode char U+00F5 (decimal 245)
   defining Unicode char U+00F6 (decimal 246)
   defining Unicode char U+00F8 (decimal 248)
   defining Unicode char U+00F9 (decimal 249)
   defining Unicode char U+00FA (decimal 250)
   defining Unicode char U+00FB (decimal 251)
   defining Unicode char U+00FC (decimal 252)
   defining Unicode char U+00FD (decimal 253)
   defining Unicode char U+00FE (decimal 254)
   defining Unicode char U+00FF (decimal 255)
   defining Unicode char U+0102 (decimal 258)
   defining Unicode char U+0103 (decimal 259)
   defining Unicode char U+0104 (decimal 260)
   defining Unicode char U+0105 (decimal 261)
   defining Unicode char U+0106 (decimal 262)
   defining Unicode char U+0107 (decimal 263)
   defining Unicode char U+010C (decimal 268)
   defining Unicode char U+010D (decimal 269)
   defining Unicode char U+010E (decimal 270)
   defining Unicode char U+010F (decimal 271)
   defining Unicode char U+0110 (decimal 272)
   defining Unicode char U+0111 (decimal 273)
   defining Unicode char U+0118 (decimal 280)
   defining Unicode char U+0119 (decimal 281)
   defining Unicode char U+011A (decimal 282)
   defining Unicode char U+011B (decimal 283)
   defining Unicode char U+011E (decimal 286)
   defining Unicode char U+011F (decimal 287)
   defining Unicode char U+0130 (decimal 304)
   defining Unicode char U+0131 (decimal 305)
   defining Unicode char U+0132 (decimal 306)
   defining Unicode char U+0133 (decimal 307)
   defining Unicode char U+0139 (decimal 313)
   defining Unicode char U+013A (decimal 314)
   defining Unicode char U+013D (decimal 317)
   defining Unicode char U+013E (decimal 318)
   defining Unicode char U+0141 (decimal 321)
   defining Unicode char U+0142 (decimal 322)
   defining Unicode char U+0143 (decimal 323)
   defining Unicode char U+0144 (decimal 324)
   defining Unicode char U+0147 (decimal 327)
   defining Unicode char U+0148 (decimal 328)
   defining Unicode char U+014A (decimal 330)
   defining Unicode char U+014B (decimal 331)
   defining Unicode char U+0150 (decimal 336)
   defining Unicode char U+0151 (decimal 337)
   defining Unicode char U+0152 (decimal 338)
   defining Unicode char U+0153 (decimal 339)
   defining Unicode char U+0154 (decimal 340)
   defining Unicode char U+0155 (decimal 341)
   defining Unicode char U+0158 (decimal 344)
   defining Unicode char U+0159 (decimal 345)
   defining Unicode char U+015A (decimal 346)
   defining Unicode char U+015B (decimal 347)
   defining Unicode char U+015E (decimal 350)
   defining Unicode char U+015F (decimal 351)
   defining Unicode char U+0160 (decimal 352)
   defining Unicode char U+0161 (decimal 353)
   defining Unicode char U+0162 (decimal 354)
   defining Unicode char U+0163 (decimal 355)
   defining Unicode char U+0164 (decimal 356)
   defining Unicode char U+0165 (decimal 357)
   defining Unicode char U+016E (decimal 366)
   defining Unicode char U+016F (decimal 367)
   defining Unicode char U+0170 (decimal 368)
   defining Unicode char U+0171 (decimal 369)
   defining Unicode char U+0178 (decimal 376)
   defining Unicode char U+0179 (decimal 377)
   defining Unicode char U+017A (decimal 378)
   defining Unicode char U+017B (decimal 379)
   defining Unicode char U+017C (decimal 380)
   defining Unicode char U+017D (decimal 381)
   defining Unicode char U+017E (decimal 382)
   defining Unicode char U+200C (decimal 8204)
   defining Unicode char U+2013 (decimal 8211)
   defining Unicode char U+2014 (decimal 8212)
   defining Unicode char U+2018 (decimal 8216)
   defining Unicode char U+2019 (decimal 8217)
   defining Unicode char U+201A (decimal 8218)
   defining Unicode char U+201C (decimal 8220)
   defining Unicode char U+201D (decimal 8221)
   defining Unicode char U+201E (decimal 8222)
   defining Unicode char U+2030 (decimal 8240)
   defining Unicode char U+2031 (decimal 8241)
   defining Unicode char U+2039 (decimal 8249)
   defining Unicode char U+203A (decimal 8250)
   defining Unicode char U+2423 (decimal 9251)
)
Now handling font encoding OT1 ...
... processing UTF-8 mapping file for font encoding OT1
(/usr/local/texlive/2013/texmf-dist/tex/latex/base/ot1enc.dfu
File: ot1enc.dfu 2008/04/05 v1.1m UTF-8 support for inputenc
   defining Unicode char U+00A1 (decimal 161)
   defining Unicode char U+00A3 (decimal 163)
   defining Unicode char U+00B8 (decimal 184)
   defining Unicode char U+00BF (decimal 191)
   defining Unicode char U+00C5 (decimal 197)
   defining Unicode char U+00C6 (decimal 198)
   defining Unicode char U+00D8 (decimal 216)
   defining Unicode char U+00DF (decimal 223)
   defining Unicode char U+00E6 (decimal 230)
   defining Unicode char U+00EC (decimal 236)
   defining Unicode char U+00ED (decimal 237)
   defining Unicode char U+00EE (decimal 238)
   defining Unicode char U+00EF (decimal 239)
   defining Unicode char U+00F8 (decimal 248)
   defining Unicode char U+0131 (decimal 305)
   defining Unicode char U+0141 (decimal 321)
   defining Unicode char U+0142 (decimal 322)
   defining Unicode char U+0152 (decimal 338)
   defining Unicode char U+0153 (decimal 339)
   defining Unicode char U+2013 (decimal 8211)
   defining Unicode char U+2014 (decimal 8212)
   defining Unicode char U+2018 (decimal 8216)
   defining Unicode char U+2019 (decimal 8217)
   defining Unicode char U+201C (decimal 8220)
   defining Unicode char U+201D (decimal 8221)
)
Now handling font encoding OMS ...
... processing UTF-8 mapping file for font encoding OMS
(/usr/local/texlive/2013/texmf-dist/tex/latex/base/omsenc.dfu
File: omsenc.dfu 2008/04/05 v1.1m UTF-8 support for inputenc
   defining Unicode char U+00A7 (decimal 167)
   defining Unicode char U+00B6 (decimal 182)
   defining Unicode char U+00B7 (decimal 183)
   defining Unicode char U+2020 (decimal 8224)
   defining Unicode char U+2021 (decimal 8225)
   defining Unicode char U+2022 (decimal 8226)
)
Now handling font encoding OMX ...
... no UTF-8 mapping file for font encoding OMX
Now handling font encoding U ...
... no UTF-8 mapping file for font encoding U
   defining Unicode char U+00A9 (decimal 169)
   defining Unicode char U+00AA (decimal 170)
   defining Unicode char U+00AE (decimal 174)
   defining Unicode char U+00BA (decimal 186)
   defining Unicode char U+02C6 (decimal 710)
   defining Unicode char U+02DC (decimal 732)
   defining Unicode char U+200C (decimal 8204)
   defining Unicode char U+2026 (decimal 8230)
   defining Unicode char U+2122 (decimal 8482)
   defining Unicode char U+2423 (decimal 9251)
)) (/usr/local/texlive/2013/texmf-dist/tex/latex/hyperref/hyperref.sty
Package: hyperref 2012/11/06 v6.83m Hypertext links for LaTeX
(/usr/local/texlive/2013/texmf-dist/tex/generic/oberdiek/hobsub-hyperref.sty
Package: hobsub-hyperref 2012/05/28 v1.13 Bundle oberdiek, subset hyperref (HO)

(/usr/local/texlive/2013/texmf-dist/tex/generic/oberdiek/hobsub-generic.sty
Package: hobsub-generic 2012/05/28 v1.13 Bundle oberdiek, subset generic (HO)
Package: hobsub 2012/05/28 v1.13 Construct package bundles (HO)
Package: infwarerr 2010/04/08 v1.3 Providing info/warning/error messages (HO)
Package: ltxcmds 2011/11/09 v1.22 LaTeX kernel commands for general use (HO)
Package: ifluatex 2010/03/01 v1.3 Provides the ifluatex switch (HO)
Package ifluatex Info: LuaTeX not detected.
Package: ifvtex 2010/03/01 v1.5 Detect VTeX and its facilities (HO)
Package ifvtex Info: VTeX not detected.
Package: intcalc 2007/09/27 v1.1 Expandable calculations with integers (HO)
Package: ifpdf 2011/01/30 v2.3 Provides the ifpdf switch (HO)
Package ifpdf Info: pdfTeX in PDF mode is not detected.
Package: etexcmds 2011/02/16 v1.5 Avoid name clashes with e-TeX commands (HO)
Package etexcmds Info: Could not find \expanded.
(etexcmds)             That can mean that you are not using pdfTeX 1.50 or
(etexcmds)             that some package has redefined \expanded.
(etexcmds)             In the latter case, load this package earlier.
Package: kvsetkeys 2012/04/25 v1.16 Key value parser (HO)
Package: kvdefinekeys 2011/04/07 v1.3 Define keys (HO)
Package: pdftexcmds 2011/11/29 v0.20 Utility functions of pdfTeX for LuaTeX (HO
)
Package pdftexcmds Info: LuaTeX not detected.
Package pdftexcmds Info: pdfTeX >= 1.30 not detected.
Package pdftexcmds Info: \pdf@primitive is available.
Package pdftexcmds Info: \pdf@ifprimitive is available.
Package pdftexcmds Info: \pdfdraftmode not found.
Package: pdfescape 2011/11/25 v1.13 Implements pdfTeX's escape features (HO)
Package: bigintcalc 2012/04/08 v1.3 Expandable calculations on big integers (HO
)
Package: bitset 2011/01/30 v1.1 Handle bit-vector datatype (HO)
Package: uniquecounter 2011/01/30 v1.2 Provide unlimited unique counter (HO)
)
Package hobsub Info: Skipping package `hobsub' (already loaded).
Package: letltxmacro 2010/09/02 v1.4 Let assignment for LaTeX macros (HO)
Package: hopatch 2012/05/28 v1.2 Wrapper for package hooks (HO)
Package: xcolor-patch 2011/01/30 xcolor patch
Package: atveryend 2011/06/30 v1.8 Hooks at the very end of document (HO)
Package: atbegshi 2011/10/05 v1.16 At begin shipout hook (HO)
Package: refcount 2011/10/16 v3.4 Data extraction from label references (HO)
Package: hycolor 2011/01/30 v1.7 Color options for hyperref/bookmark (HO)
) (/usr/local/texlive/2013/texmf-dist/tex/generic/ifxetex/ifxetex.sty
Package: ifxetex 2010/09/12 v0.6 Provides ifxetex conditional
) (/usr/local/texlive/2013/texmf-dist/tex/latex/oberdiek/auxhook.sty
Package: auxhook 2011/03/04 v1.3 Hooks for auxiliary files (HO)
) (/usr/local/texlive/2013/texmf-dist/tex/latex/oberdiek/kvoptions.sty
Package: kvoptions 2011/06/30 v3.11 Key value format for package options (HO)
)
\@linkdim=\dimen104
\Hy@linkcounter=\count84
\Hy@pagecounter=\count85
(/usr/local/texlive/2013/texmf-dist/tex/latex/hyperref/pd1enc.def
File: pd1enc.def 2012/11/06 v6.83m Hyperref: PDFDocEncoding definition (HO)
Now handling font encoding PD1 ...
... no UTF-8 mapping file for font encoding PD1
)
\Hy@SavedSpaceFactor=\count86
(/usr/local/texlive/2013/texmf-dist/tex/latex/latexconfig/hyperref.cfg
File: hyperref.cfg 2002/06/06 v1.2 hyperref configuration of TeXLive
)
Package hyperref Info: Hyper figures OFF on input line 4443.
Package hyperref Info: Link nesting OFF on input line 4448.
Package hyperref Info: Hyper index ON on input line 4451.
Package hyperref Info: Plain pages OFF on input line 4458.
Package hyperref Info: Backreferencing OFF on input line 4463.
Package hyperref Info: Implicit mode ON; LaTeX internals redefined.
Package hyperref Info: Bookmarks ON on input line 4688.
\c@Hy@tempcnt=\count87
LaTeX Info: Redefining \url on input line 5041.
\XeTeXLinkMargin=\dimen105
\Fld@menulength=\count88
\Field@Width=\dimen106
\Fld@charsize=\dimen107
Package hyperref Info: Hyper figures OFF on input line 6295.
Package hyperref Info: Link nesting OFF on input line 6300.
Package hyperref Info: Hyper index ON on input line 6303.
Package hyperref Info: backreferencing OFF on input line 6310.
Package hyperref Info: Link coloring OFF on input line 6315.
Package hyperref Info: Link coloring with OCG OFF on input line 6320.
Package hyperref Info: PDF/A mode OFF on input line 6325.
LaTeX Info: Redefining \ref on input line 6365.
LaTeX Info: Redefining \pageref on input line 6369.

Package hyperref Warning: Option `pdfpagelabels' is turned off
(hyperref)                because \thepage is undefined.

\c@Item=\count89
\c@Hfootnote=\count90
)

Package hyperref Message: Driver (autodetected): hxetex.

(/usr/local/texlive/2013/texmf-dist/tex/latex/hyperref/hxetex.def
File: hxetex.def 2012/11/06 v6.83m Hyperref driver for XeTeX
(/usr/local/texlive/2013/texmf-dist/tex/latex/hyperref/puenc.def
File: puenc.def 2012/11/06 v6.83m Hyperref: PDF Unicode definition (HO)
Now handling font encoding PU ...
... no UTF-8 mapping file for font encoding PU
) (/usr/local/texlive/2013/texmf-dist/tex/generic/oberdiek/stringenc.sty
Package: stringenc 2011/12/02 v1.10 Convert strings between diff. encodings (HO
)
)
\pdfm@box=\box26
\c@Hy@AnnotLevel=\count91
\HyField@AnnotCount=\count92
\Fld@listcount=\count93
\c@bookmark@seq@number=\count94
(/usr/local/texlive/2013/texmf-dist/tex/latex/oberdiek/rerunfilecheck.sty
Package: rerunfilecheck 2011/04/15 v1.7 Rerun checks for auxiliary files (HO)
Package rerunfilecheck Info: Feature \pdfmdfivesum is not available
(rerunfilecheck)             (e.g. pdfTeX or LuaTeX with package `pdftexcmds').

(rerunfilecheck)             Therefore file contents cannot be checked efficien
tly
(rerunfilecheck)             and the loading of the package is aborted.
)
\Hy@SectionHShift=\skip63
) (/usr/local/texlive/2013/texmf-dist/tex/latex/fontspec/fontspec.sty
Package: fontspec 2013/05/20 v2.3c Font selection for XeLaTeX and LuaLaTeX
(/usr/local/texlive/2013/texmf-dist/tex/latex/l3kernel/expl3.sty (/usr/local/te
xlive/2013/texmf-dist/tex/latex/l3kernel/l3names.sty (/usr/local/texlive/2013/t
exmf-dist/tex/latex/l3kernel/l3bootstrap.sty
Package: l3bootstrap 2013/07/28 v4581 L3 Experimental bootstrap code
)
Package: l3names 2012/12/07 v4346 L3 Namespace for primitives
)
Package: expl3 2013/07/28 v4582 L3 Experimental code bundle wrapper
(/usr/local/texlive/2013/texmf-dist/tex/latex/l3kernel/l3basics.sty
Package: l3basics 2013/07/28 v4581 L3 Basic definitions
) (/usr/local/texlive/2013/texmf-dist/tex/latex/l3kernel/l3expan.sty
Package: l3expan 2013/07/24 v4565 L3 Argument expansion
) (/usr/local/texlive/2013/texmf-dist/tex/latex/l3kernel/l3tl.sty
Package: l3tl 2013/07/28 v4581 L3 Token lists
) (/usr/local/texlive/2013/texmf-dist/tex/latex/l3kernel/l3seq.sty
Package: l3seq 2013/07/28 v4581 L3 Sequences and stacks
) (/usr/local/texlive/2013/texmf-dist/tex/latex/l3kernel/l3int.sty
Package: l3int 2013/07/28 v4581 L3 Integers
\c_max_int=\count95
\l_tmpa_int=\count96
\l_tmpb_int=\count97
\g_tmpa_int=\count98
\g_tmpb_int=\count99
) (/usr/local/texlive/2013/texmf-dist/tex/latex/l3kernel/l3quark.sty
Package: l3quark 2013/07/21 v4564 L3 Quarks
) (/usr/local/texlive/2013/texmf-dist/tex/latex/l3kernel/l3prg.sty
Package: l3prg 2013/07/28 v4581 L3 Control structures
\g__prg_map_int=\count100
) (/usr/local/texlive/2013/texmf-dist/tex/latex/l3kernel/l3clist.sty
Package: l3clist 2013/07/28 v4581 L3 Comma separated lists
) (/usr/local/texlive/2013/texmf-dist/tex/latex/l3kernel/l3token.sty
Package: l3token 2013/07/28 v4581 L3 Experimental token manipulation
) (/usr/local/texlive/2013/texmf-dist/tex/latex/l3kernel/l3prop.sty
Package: l3prop 2013/07/28 v4581 L3 Property lists
) (/usr/local/texlive/2013/texmf-dist/tex/latex/l3kernel/l3msg.sty
Package: l3msg 2013/07/28 v4581 L3 Messages
) (/usr/local/texlive/2013/texmf-dist/tex/latex/l3kernel/l3file.sty
Package: l3file 2013/07/28 v4581 L3 File and I/O operations
\l_iow_line_count_int=\count101
\l__iow_target_count_int=\count102
\l__iow_current_line_int=\count103
\l__iow_current_word_int=\count104
\l__iow_current_indentation_int=\count105
) (/usr/local/texlive/2013/texmf-dist/tex/latex/l3kernel/l3skip.sty
Package: l3skip 2013/07/28 v4581 L3 Dimensions and skips
\c_zero_dim=\dimen108
\c_max_dim=\dimen109
\l_tmpa_dim=\dimen110
\l_tmpb_dim=\dimen111
\g_tmpa_dim=\dimen112
\g_tmpb_dim=\dimen113
\c_zero_skip=\skip64
\c_max_skip=\skip65
\l_tmpa_skip=\skip66
\l_tmpb_skip=\skip67
\g_tmpa_skip=\skip68
\g_tmpb_skip=\skip69
\c_zero_muskip=\muskip11
\c_max_muskip=\muskip12
\l_tmpa_muskip=\muskip13
\l_tmpb_muskip=\muskip14
\g_tmpa_muskip=\muskip15
\g_tmpb_muskip=\muskip16
) (/usr/local/texlive/2013/texmf-dist/tex/latex/l3kernel/l3keys.sty
Package: l3keys 2013/07/28 v4581 L3 Experimental key-value interfaces
\g__keyval_level_int=\count106
\l_keys_choice_int=\count107
) (/usr/local/texlive/2013/texmf-dist/tex/latex/l3kernel/l3fp.sty
Package: l3fp 2013/07/09 v4521 L3 Floating points
\c__fp_leading_shift_int=\count108
\c__fp_middle_shift_int=\count109
\c__fp_trailing_shift_int=\count110
\c__fp_big_leading_shift_int=\count111
\c__fp_big_middle_shift_int=\count112
\c__fp_big_trailing_shift_int=\count113
\c__fp_Bigg_leading_shift_int=\count114
\c__fp_Bigg_middle_shift_int=\count115
\c__fp_Bigg_trailing_shift_int=\count116
) (/usr/local/texlive/2013/texmf-dist/tex/latex/l3kernel/l3box.sty
Package: l3box 2013/07/28 v4581 L3 Experimental boxes
\c_empty_box=\box27
\l_tmpa_box=\box28
\l_tmpb_box=\box29
\g_tmpa_box=\box30
\g_tmpb_box=\box31
) (/usr/local/texlive/2013/texmf-dist/tex/latex/l3kernel/l3coffins.sty
Package: l3coffins 2012/09/09 v4212 L3 Coffin code layer
\l__coffin_internal_box=\box32
\l__coffin_internal_dim=\dimen114
\l__coffin_offset_x_dim=\dimen115
\l__coffin_offset_y_dim=\dimen116
\l__coffin_x_dim=\dimen117
\l__coffin_y_dim=\dimen118
\l__coffin_x_prime_dim=\dimen119
\l__coffin_y_prime_dim=\dimen120
\c_empty_coffin=\box33
\l__coffin_aligned_coffin=\box34
\l__coffin_aligned_internal_coffin=\box35
\l_tmpa_coffin=\box36
\l_tmpb_coffin=\box37
\l__coffin_display_coffin=\box38
\l__coffin_display_coord_coffin=\box39
\l__coffin_display_pole_coffin=\box40
\l__coffin_display_offset_dim=\dimen121
\l__coffin_display_x_dim=\dimen122
\l__coffin_display_y_dim=\dimen123
) (/usr/local/texlive/2013/texmf-dist/tex/latex/l3kernel/l3color.sty
Package: l3color 2012/08/29 v4156 L3 Experimental color support
) (/usr/local/texlive/2013/texmf-dist/tex/latex/l3kernel/l3luatex.sty
Package: l3luatex 2013/07/28 v4581 L3 Experimental LuaTeX-specific functions
\g__cctab_allocate_int=\count117
\g__cctab_stack_int=\count118
) (/usr/local/texlive/2013/texmf-dist/tex/latex/l3kernel/l3candidates.sty
Package: l3candidates 2013/07/24 v4576 L3 Experimental additions to l3kernel
\l__box_top_dim=\dimen124
\l__box_bottom_dim=\dimen125
\l__box_left_dim=\dimen126
\l__box_right_dim=\dimen127
\l__box_top_new_dim=\dimen128
\l__box_bottom_new_dim=\dimen129
\l__box_left_new_dim=\dimen130
\l__box_right_new_dim=\dimen131
\l__box_internal_box=\box41
\l__coffin_bounding_shift_dim=\dimen132
\l__coffin_left_corner_dim=\dimen133
\l__coffin_right_corner_dim=\dimen134
\l__coffin_bottom_corner_dim=\dimen135
\l__coffin_top_corner_dim=\dimen136
\l__coffin_scaled_total_height_dim=\dimen137
\l__coffin_scaled_width_dim=\dimen138
)) (/usr/local/texlive/2013/texmf-dist/tex/latex/l3packages/xparse/xparse.sty
Package: xparse 2013/07/28 v4582 L3 Experimental document command parser
\l__xparse_current_arg_int=\count119
\l__xparse_m_args_int=\count120
\l__xparse_mandatory_args_int=\count121
\l__xparse_processor_int=\count122
\l__xparse_v_nesting_int=\count123
)
\l_fontspec_script_int=\count124
\l_fontspec_language_int=\count125
\l_fontspec_strnum_int=\count126
\l_fontspec_tmpa_dim=\dimen139
\l_fontspec_tmpb_dim=\dimen140
\l_fontspec_tmpc_dim=\dimen141
Variant \tl_gset:cV already defined; not changing it on line 69
(/usr/local/texlive/2013/texmf-dist/tex/latex/fontspec/fontspec-patches.sty
Package: fontspec-patches 2013/05/20 v2.3c Font selection for XeLaTeX and LuaLa
TeX
(/usr/local/texlive/2013/texmf-dist/tex/latex/base/fixltx2e.sty
Package: fixltx2e 2006/09/13 v1.1m fixes to LaTeX
LaTeX Info: Redefining \em on input line 420.
)
LaTeX Info: Redefining \em on input line 22.
LaTeX Info: Redefining \emph on input line 30.
LaTeX Info: Redefining \- on input line 33.
*************************************************
* LaTeX warning: "xparse/redefine-command"
* 
* Redefining document command \oldstylenums with arg. spec. 'm' on line 128.
*************************************************
.................................................
. LaTeX info: "xparse/define-command"
. 
. Defining document command \liningnums with arg. spec. 'm' on line 132.
.................................................
) (/usr/local/texlive/2013/texmf-dist/tex/latex/fontspec/fontspec-xetex.sty
Package: fontspec-xetex 2013/05/20 v2.3c Font selection for XeLaTeX and LuaLaTe
X
(/usr/local/texlive/2013/texmf-dist/tex/latex/base/fontenc.sty
Package: fontenc 2005/09/27 v1.99g Standard LaTeX package
(/usr/local/texlive/2013/texmf-dist/tex/latex/euenc/eu1enc.def
File: eu1enc.def 2010/05/27 v0.1h Experimental Unicode font encodings
Now handling font encoding EU1 ...
... no UTF-8 mapping file for font encoding EU1
)
LaTeX Font Info:    Try loading font information for EU1+lmr on input line 100.

(/usr/local/texlive/2013/texmf-dist/tex/latex/euenc/eu1lmr.fd
File: eu1lmr.fd 2009/10/30 v1.6 Font defs for Latin Modern
)) (/usr/local/texlive/2013/texmf-dist/tex/xelatex/xunicode/xunicode.sty
File: xunicode.sty 2011/09/09 v0.981 provides access to latin accents and many 
other characters in Unicode lower plane
*** you should *not* be loading the inputenc package
*** XeTeX expects the source to be in UTF8 encoding
*** some features of other encodings may conflict, resulting in poor output.
(/usr/local/texlive/2013/texmf-dist/tex/latex/tipa/t3enc.def
File: t3enc.def 2001/12/31 T3 encoding
Now handling font encoding T3 ...
... no UTF-8 mapping file for font encoding T3
LaTeX Font Info:    Try loading font information for EU1+lmss on input line 357
.
(/usr/local/texlive/2013/texmf-dist/tex/latex/euenc/eu1lmss.fd
File: eu1lmss.fd 2009/10/30 v1.6 Font defs for Latin Modern
))
\tipaTiiicode=\count127
\tipasavetokens=\toks21
\tipachecktokens=\toks22
)
.................................................
. LaTeX info: "xparse/define-command"
. 
. Defining document command \fontspec with arg. spec. 'O{}m' on line 41.
.................................................
.................................................
. LaTeX info: "xparse/define-command"
. 
. Defining document command \setmainfont with arg. spec. 'O{}m' on line 46.
.................................................
.................................................
. LaTeX info: "xparse/define-command"
. 
. Defining document command \setsansfont with arg. spec. 'O{}m' on line 51.
.................................................
.................................................
. LaTeX info: "xparse/define-command"
. 
. Defining document command \setmonofont with arg. spec. 'O{}m' on line 56.
.................................................
.................................................
. LaTeX info: "xparse/define-command"
. 
. Defining document command \setmathrm with arg. spec. 'O{}m' on line 65.
.................................................
.................................................
. LaTeX info: "xparse/define-command"
. 
. Defining document command \setboldmathrm with arg. spec. 'O{}m' on line 69.
.................................................
.................................................
. LaTeX info: "xparse/define-command"
. 
. Defining document command \setmathsf with arg. spec. 'O{}m' on line 73.
.................................................
.................................................
. LaTeX info: "xparse/define-command"
. 
. Defining document command \setmathtt with arg. spec. 'O{}m' on line 77.
.................................................
.................................................
. LaTeX info: "xparse/define-command"
. 
. Defining document command \newfontfamily with arg. spec. 'mO{}m' on line 96.
.................................................
.................................................
. LaTeX info: "xparse/define-command"
. 
. Defining document command \newfontface with arg. spec. 'mO{}m' on line 100.
.................................................
.................................................
. LaTeX info: "xparse/define-command"
. 
. Defining document command \defaultfontfeatures with arg. spec. 'om' on line
. 108.
.................................................
.................................................
. LaTeX info: "xparse/define-command"
. 
. Defining document command \addfontfeatures with arg. spec. 'm' on line 144.
.................................................
.................................................
. LaTeX info: "xparse/define-command"
. 
. Defining document command \newfontfeature with arg. spec. 'mm' on line 156.
.................................................
.................................................
. LaTeX info: "xparse/define-command"
. 
. Defining document command \newAATfeature with arg. spec. 'mmmm' on line 164.
.................................................
.................................................
. LaTeX info: "xparse/define-command"
. 
. Defining document command \newICUfeature with arg. spec. 'mmm' on line 172.
.................................................
.................................................
. LaTeX info: "xparse/define-command"
. 
. Defining document command \aliasfontfeature with arg. spec. 'mm' on line
. 201.
.................................................
.................................................
. LaTeX info: "xparse/define-command"
. 
. Defining document command \aliasfontfeatureoption with arg. spec. 'mmm' on
. line 203.
.................................................
.................................................
. LaTeX info: "xparse/define-command"
. 
. Defining document command \newfontscript with arg. spec. 'mm' on line 208.
.................................................
.................................................
. LaTeX info: "xparse/define-command"
. 
. Defining document command \newfontlanguage with arg. spec. 'mm' on line 235.
.................................................
.................................................
. LaTeX info: "xparse/define-command"
. 
. Defining document command \DeclareFontsExtensions with arg. spec. 'm' on
. line 256.
.................................................
Variant \prop_gput:cnV already defined; not changing it on line 582
Variant \prop_gput:cnx already defined; not changing it on line 583
\l_fontspec_tmp_int=\count128
LaTeX Info: Redefining \itshape on input line 2087.
LaTeX Info: Redefining \slshape on input line 2092.
LaTeX Info: Redefining \scshape on input line 2097.
LaTeX Info: Redefining \upshape on input line 2102.
(/usr/local/texlive/2013/texmf-dist/tex/latex/fontspec/fontspec.cfg))) (/usr/lo
cal/texlive/2013/texmf-dist/tex/latex/tipa/tipa.sty
Package: tipa 2002/08/08 TIPA version 1.1
(/usr/local/texlive/2013/texmf-dist/tex/latex/base/fontenc.sty
Package: fontenc 2005/09/27 v1.99g Standard LaTeX package
(/usr/local/texlive/2013/texmf-dist/tex/latex/tipa/t3enc.def
File: t3enc.def 2001/12/31 T3 encoding
LaTeX Font Info:    Redeclaring font encoding T3 on input line 42.
) (/usr/local/texlive/2013/texmf-dist/tex/latex/euenc/eu1enc.def
File: eu1enc.def 2010/05/27 v0.1h Experimental Unicode font encodings
LaTeX Font Info:    Redeclaring font encoding EU1 on input line 17.
))) (/usr/local/texlive/2013/texmf-dist/tex/latex/tools/multicol.sty
Package: multicol 2011/06/27 v1.7a multicolumn formatting (FMi)
\c@tracingmulticols=\count129
\mult@box=\box42
\multicol@leftmargin=\dimen142
\c@unbalance=\count130
\c@collectmore=\count131
\doublecol@number=\count132
\multicoltolerance=\count133
\multicolpretolerance=\count134
\full@width=\dimen143
\page@free=\dimen144
\premulticols=\dimen145
\postmulticols=\dimen146
\multicolsep=\skip70
\multicolbaselineskip=\skip71
\partial@page=\box43
\last@line=\box44
\mult@rightbox=\box45
\mult@grightbox=\box46
\mult@gfirstbox=\box47
\mult@firstbox=\box48
\@tempa=\box49
\@tempa=\box50
\@tempa=\box51
\@tempa=\box52
\@tempa=\box53
\@tempa=\box54
\@tempa=\box55
\@tempa=\box56
\@tempa=\box57
\@tempa=\box58
\@tempa=\box59
\@tempa=\box60
\@tempa=\box61
\@tempa=\box62
\@tempa=\box63
\@tempa=\box64
\@tempa=\box65
\c@columnbadness=\count135
\c@finalcolumnbadness=\count136
\last@try=\dimen147
\multicolovershoot=\dimen148
\multicolundershoot=\dimen149
\mult@nat@firstbox=\box66
\colbreak@box=\box67
\multicol@sort@counter=\count137
) (/usr/local/texlive/2013/texmf-dist/tex/generic/babel/babel.sty
Package: babel 2013/05/16 v3.9f The Babel package
(/usr/local/texlive/2013/texmf-dist/tex/generic/babel-spanish/spanish.ldf
Language: spanish.ldf 2010/05/23 v5.0j Spanish support from the babel system
(/usr/local/texlive/2013/texmf-dist/tex/generic/babel/babel.def
File: babel.def 2013/05/16 v3.9f Babel common definitions
\babel@savecnt=\count138
\U@D=\dimen150
(/usr/local/texlive/2013/texmf-dist/tex/generic/babel/xebabel.def))
\es@datefmt=\count139
\es@quottoks=\toks23
\es@quotdepth=\count140
Package babel Info: Making " an active character on input line 495.
Package babel Info: Making . an active character on input line 588.
Package babel Info: Making < an active character on input line 633.
Package babel Info: Making > an active character on input line 633.
) (/usr/local/texlive/2013/texmf-dist/tex/generic/babel-english/english.ldf
Language: english 2012/08/20 v3.3p English support from the babel system
\l@canadian = a dialect from \language\l@american 
\l@australian = a dialect from \language\l@british 
\l@newzealand = a dialect from \language\l@british 
)) (/usr/local/texlive/2013/texmf-dist/tex/latex/natbib/natbib.sty
Package: natbib 2010/09/13 8.31b (PWD, AO)
\bibhang=\skip72
\bibsep=\skip73
LaTeX Info: Redefining \cite on input line 694.
\c@NAT@ctr=\count141
) (/usr/local/texlive/2013/texmf-dist/tex/latex/natbib/bibentry.sty
Package: bibentry 2007/10/30 1.5 (PWD)
) (/usr/local/texlive/2013/texmf-dist/tex/latex/geometry/geometry.sty
Package: geometry 2010/09/12 v5.6 Page Geometry
\Gm@cnth=\count142
\Gm@cntv=\count143
\c@Gm@tempcnt=\count144
\Gm@bindingoffset=\dimen151
\Gm@wd@mp=\dimen152
\Gm@odd@mp=\dimen153
\Gm@even@mp=\dimen154
\Gm@layoutwidth=\dimen155
\Gm@layoutheight=\dimen156
\Gm@layouthoffset=\dimen157
\Gm@layoutvoffset=\dimen158
\Gm@dimlist=\toks24
)
Package hyperref Info: Option `breaklinks' set `true' on input line 67.

Package hyperref Warning: Option `pdfpagelabels' has already been used,
(hyperref)                setting the option has no effect on input line 67.

(/usr/local/texlive/2013/texmf-dist/tex/generic/oberdiek/se-ascii-print.def
File: se-ascii-print.def 2011/12/02 v1.10 stringenc: Printable ASCII characters

)

Package hyperref Warning: pdfproducer: xdvipdfmx will use its own setting
(hyperref)                instead of the value given on input line 67.

Package hyperref Info: Option `bookmarksopen' set `true' on input line 67.
(/usr/local/texlive/2013/texmf-dist/tex/latex/bigfoot/suffix.sty
Package: suffix 2006/07/15 1.5 Variant command support
) (Output/template.aux)
\openout1 = `template.aux'.

LaTeX Font Info:    Checking defaults for OML/cmm/m/it on input line 67.
LaTeX Font Info:    ... okay on input line 67.
LaTeX Font Info:    Checking defaults for T1/cmr/m/n on input line 67.
LaTeX Font Info:    ... okay on input line 67.
LaTeX Font Info:    Checking defaults for OT1/cmr/m/n on input line 67.
LaTeX Font Info:    ... okay on input line 67.
LaTeX Font Info:    Checking defaults for OMS/cmsy/m/n on input line 67.
LaTeX Font Info:    ... okay on input line 67.
LaTeX Font Info:    Checking defaults for OMX/cmex/m/n on input line 67.
LaTeX Font Info:    ... okay on input line 67.
LaTeX Font Info:    Checking defaults for U/cmr/m/n on input line 67.
LaTeX Font Info:    ... okay on input line 67.
LaTeX Font Info:    Checking defaults for PD1/pdf/m/n on input line 67.
LaTeX Font Info:    ... okay on input line 67.
LaTeX Font Info:    Checking defaults for PU/pdf/m/n on input line 67.
LaTeX Font Info:    ... okay on input line 67.
LaTeX Font Info:    Checking defaults for EU1/lmr/m/n on input line 67.
LaTeX Font Info:    ... okay on input line 67.
LaTeX Font Info:    Checking defaults for T3/cmr/m/n on input line 67.
LaTeX Font Info:    Try loading font information for T3+cmr on input line 67.
(/usr/local/texlive/2013/texmf-dist/tex/latex/tipa/t3cmr.fd
File: t3cmr.fd 2001/12/31 TIPA font definitions
)
LaTeX Font Info:    ... okay on input line 67.
\AtBeginShipoutBox=\box68
Package hyperref Info: Link coloring OFF on input line 67.
(/usr/local/texlive/2013/texmf-dist/tex/latex/hyperref/nameref.sty
Package: nameref 2012/10/27 v2.43 Cross-referencing by name of section
(/usr/local/texlive/2013/texmf-dist/tex/generic/oberdiek/gettitlestring.sty
Package: gettitlestring 2010/12/03 v1.4 Cleanup title references (HO)
)
\c@section@level=\count145
)
LaTeX Info: Redefining \ref on input line 67.
LaTeX Info: Redefining \pageref on input line 67.
LaTeX Info: Redefining \nameref on input line 67.
(Output/template.out) (Output/template.out)
\@outlinefile=\write3
\openout3 = `template.out'.

*** you should *not* be loading the inputenc package
*** XeTeX expects the source to be in UTF8 encoding
*** some features of other encodings may conflict, resulting in poor output.
*geometry* driver: auto-detecting
*geometry* detected driver: xetex
*geometry* verbose mode - [ preamble ] result:
* driver: xetex
* paper: letterpaper
* layout: <same size as paper>
* layoutoffset:(h,v)=(0.0pt,0.0pt)
* modes: 
* h-part:(L,W,R)=(61.42856pt, 491.43787pt, 61.42857pt)
* v-part:(T,H,B)=(63.59662pt, 635.97841pt, 95.39496pt)
* \paperwidth=614.295pt
* \paperheight=794.96999pt
* \textwidth=491.43787pt
* \textheight=635.97841pt
* \oddsidemargin=-10.84143pt
* \evensidemargin=-10.84143pt
* \topmargin=-45.67337pt
* \headheight=12.0pt
* \headsep=25.0pt
* \topskip=11.0pt
* \footskip=30.0pt
* \marginparwidth=49.0pt
* \marginparsep=5.0pt
* \columnsep=10.0pt
* \skip\footins=10.0pt plus 4.0pt minus 2.0pt
* \hoffset=0.0pt
* \voffset=0.0pt
* \mag=1000
* \@twocolumnfalse
* \@twosidefalse
* \@mparswitchfalse
* \@reversemarginfalse
* (1in=72.27pt=25.4mm, 1cm=28.453pt)

\g__file_internal_ior=\read1
\g_fontspec_family_Minion Pro_int=\count146
.................................................
. fontspec info: "defining-font"
. 
. Font family 'MinionPro(0)' created for font 'Minion Pro' with options
. [Mapping={tex-text},Numbers={OldStyle},Ligatures={Common}].
. 
. This font family consists of the following shapes:
. 
. * 'normal' with NFSS spec.:
. <->"Minion Pro/ICU:script=latn;language=DFLT;mapping=tex-text;+onum;+liga;"
. 
. * 'small caps' with NFSS spec.:
. <->"Minion
. Pro/ICU:script=latn;language=DFLT;mapping=tex-text;+onum;+liga;+smcp;"
. 
. * 'bold' with NFSS spec.:
. <->"Minion
. Pro/B/ICU:script=latn;language=DFLT;mapping=tex-text;+onum;+liga;"
. 
. * 'bold small caps' with NFSS spec.:
. <->"Minion
. Pro/B/ICU:script=latn;language=DFLT;mapping=tex-text;+onum;+liga;+smcp;"
. 
. * 'italic' with NFSS spec.:
. <->"Minion
. Pro/I/ICU:script=latn;language=DFLT;mapping=tex-text;+onum;+liga;"
. 
. * 'italic small caps' with NFSS spec.:
. <->"Minion
. Pro/I/ICU:script=latn;language=DFLT;mapping=tex-text;+onum;+liga;+smcp;"
. 
. * 'bold italic' with NFSS spec.:
. <->"Minion
. Pro/BI/ICU:script=latn;language=DFLT;mapping=tex-text;+onum;+liga;"
. 
. * 'bold italic small caps' with NFSS spec.:
. <->"Minion
. Pro/BI/ICU:script=latn;language=DFLT;mapping=tex-text;+onum;+liga;+smcp;"
.................................................
\g_fontspec_family_Myriad Pro_int=\count147
.................................................
. fontspec info: "defining-font"
. 
. Font family 'MyriadPro(0)' created for font 'Myriad Pro' with options
. [Mapping=tex-text,Colour=AA0000].
. 
. This font family consists of the following shapes:
. 
. * 'normal' with NFSS spec.:
. <->"Myriad Pro/ICU:script=latn;language=DFLT;mapping=tex-text;color=AA0000FF
. ;"
. 
. * 'bold' with NFSS spec.:
. <->"Myriad
. Pro/B/ICU:script=latn;language=DFLT;mapping=tex-text;color=AA0000FF ;"
. 
. * 'italic' with NFSS spec.:
. <->"Myriad
. Pro/I/ICU:script=latn;language=DFLT;mapping=tex-text;color=AA0000FF ;"
. 
. * 'bold italic' with NFSS spec.:
. <->"Myriad
. Pro/BI/ICU:script=latn;language=DFLT;mapping=tex-text;color=AA0000FF ;"
.................................................
\g_fontspec_family_Consolas_int=\count148
.................................................
. fontspec info: "defining-font"
. 
. Font family 'Consolas(0)' created for font 'Consolas' with options
. [Mapping=tex-text,Scale=0.9].
. 
. This font family consists of the following shapes:
. 
. * 'normal' with NFSS spec.:
. <->s*[0.9]"Consolas/ICU:script=latn;language=DFLT;mapping=tex-text;"
. 
. * 'bold' with NFSS spec.:
. <->s*[0.9]"Consolas/B/ICU:script=latn;language=DFLT;mapping=tex-text;"
. 
. * 'italic' with NFSS spec.:
. <->s*[0.9]"Consolas/I/ICU:script=latn;language=DFLT;mapping=tex-text;"
. 
. * 'bold italic' with NFSS spec.:
. <->s*[0.9]"Consolas/BI/ICU:script=latn;language=DFLT;mapping=tex-text;"
.................................................
LaTeX Font Info:    Font shape `EU1/Consolas(0)/m/n' will be
(Font)              scaled to size 7.19995pt on input line 93.
LaTeX Font Info:    Try loading font information for OT1+lmr on input line 107.

(/usr/local/texlive/2013/texmf-dist/tex/latex/lm/ot1lmr.fd
File: ot1lmr.fd 2009/10/30 v1.6 Font defs for Latin Modern
)
LaTeX Font Info:    Try loading font information for OML+lmm on input line 107.

(/usr/local/texlive/2013/texmf-dist/tex/latex/lm/omllmm.fd
File: omllmm.fd 2009/10/30 v1.6 Font defs for Latin Modern
)
LaTeX Font Info:    Try loading font information for OMS+lmsy on input line 107
.
(/usr/local/texlive/2013/texmf-dist/tex/latex/lm/omslmsy.fd
File: omslmsy.fd 2009/10/30 v1.6 Font defs for Latin Modern
)
LaTeX Font Info:    Try loading font information for OMX+lmex on input line 107
.
(/usr/local/texlive/2013/texmf-dist/tex/latex/lm/omxlmex.fd
File: omxlmex.fd 2009/10/30 v1.6 Font defs for Latin Modern
)
LaTeX Font Info:    External font `lmex10' loaded for size
(Font)              <10.95> on input line 107.
LaTeX Font Info:    External font `lmex10' loaded for size
(Font)              <8> on input line 107.
LaTeX Font Info:    External font `lmex10' loaded for size
(Font)              <6> on input line 107.

Underfull \hbox (badness 10000) in paragraph at lines 109--114

 []


Underfull \hbox (badness 10000) in paragraph at lines 129--133

 []


Underfull \hbox (badness 10000) in paragraph at lines 139--143

 []


Underfull \hbox (badness 10000) in paragraph at lines 149--155

 []

LaTeX Font Info:    Font shape `EU1/MinionPro(0)/m/sl' in size <10.95> not avai
lable
(Font)              Font shape `EU1/MinionPro(0)/m/it' tried instead on input l
ine 155.
LaTeX Font Info:    Font shape `EU1/MinionPro(0)/m/sl' in size <9> not availabl
e
(Font)              Font shape `EU1/MinionPro(0)/m/it' tried instead on input l
ine 155.
[1

]
Underfull \hbox (badness 10000) in paragraph at lines 161--168

 []


Underfull \hbox (badness 10000) in paragraph at lines 174--177

 []

(Output/template.bbl)
Underfull \hbox (badness 10000) in paragraph at lines 186--189

 []

[2]
Underfull \hbox (badness 10000) in paragraph at lines 191--192

 []


Underfull \hbox (badness 10000) in paragraph at lines 195--202

 []


Underfull \hbox (badness 10000) in paragraph at lines 204--205

 []

[3]
Underfull \hbox (badness 10000) in paragraph at lines 212--221

 []


Underfull \hbox (badness 10000) in paragraph at lines 227--231

 []


Underfull \hbox (badness 10000) in paragraph at lines 238--242

 []


Underfull \hbox (badness 10000) in paragraph at lines 243--250

 []

[4]
Underfull \hbox (badness 10000) in paragraph at lines 251--252

 []

(Output/template.bbl)
Package atveryend Info: Empty hook `BeforeClearDocument' on input line 277.
[5]
Package atveryend Info: Empty hook `AfterLastShipout' on input line 277.
(Output/template.aux)
Package atveryend Info: Empty hook `AtVeryEndDocument' on input line 277.
Package atveryend Info: Empty hook `AtEndAfterFileList' on input line 277.
 ) 
Here is how much of TeX's memory you used:
 22949 strings out of 493934
 404316 string characters out of 6148803
 483485 words of memory out of 5000000
 25932 multiletter control sequences out of 15000+600000
 17247 words of font info for 64 fonts, out of 8000000 for 9000
 1144 hyphenation exceptions out of 8191
 37i,11n,67p,801b,339s stack positions out of 5000i,500n,10000p,200000b,80000s

Output written on Output/template.pdf (5 pages).
